# JRE version: Java(TM) SE Runtime Environment (8.0_221-b11) (build 1.8.0_221-b11)
# Java VM: Java HotSpot(TM) 64-Bit Server VM (25.221-b11 mixed mode windows-amd64 compressed oops)
Heap:
 PSYoungGen      total 140800K, used 106751K [0x000000076b700000, 0x000000077a680000, 0x00000007c0000000)
  eden space 131072K, 75% used [0x000000076b700000,0x00000007717e62c8,0x0000000773700000)
  from space 9728K, 77% used [0x0000000773700000,0x0000000773e59a70,0x0000000774080000)
  to   space 9728K, 0% used [0x0000000779d00000,0x0000000779d00000,0x000000077a680000)
 ParOldGen       total 118784K, used 8104K [0x00000006c2400000, 0x00000006c9800000, 0x000000076b700000)
  object space 118784K, 6% used [0x00000006c2400000,0x00000006c2bea2c0,0x00000006c9800000)
 Metaspace       used 23469K, capacity 24938K, committed 25216K, reserved 1071104K
  class space    used 3381K, capacity 3666K, committed 3712K, reserved 1048576K
GC Heap History (10 events):
Event: 12.733 GC heap before
{Heap before GC invocations=4 (full 1):
 PSYoungGen      total 75776K, used 65024K [0x000000076b700000, 0x0000000770b80000, 0x00000007c0000000)
  eden space 65024K, 100% used [0x000000076b700000,0x000000076f680000,0x000000076f680000)
  from space 10752K, 0% used [0x0000000770100000,0x0000000770100000,0x0000000770b80000)
  to   space 10752K, 0% used [0x000000076f680000,0x000000076f680000,0x0000000770100000)
 ParOldGen       total 118784K, used 7336K [0x00000006c2400000, 0x00000006c9800000, 0x000000076b700000)
  object space 118784K, 6% used [0x00000006c2400000,0x00000006c2b2a2c0,0x00000006c9800000)
 Metaspace       used 22969K, capacity 24380K, committed 24704K, reserved 1071104K
  class space    used 3317K, capacity 3591K, committed 3712K, reserved 1048576K
Event: 12.737 GC heap after
Heap after GC invocations=4 (full 1):
 PSYoungGen      total 75776K, used 6924K [0x000000076b700000, 0x0000000771a00000, 0x00000007c0000000)
  eden space 65024K, 0% used [0x000000076b700000,0x000000076b700000,0x000000076f680000)
  from space 10752K, 64% used [0x000000076f680000,0x000000076fd43150,0x0000000770100000)
  to   space 10752K, 0% used [0x0000000770f80000,0x0000000770f80000,0x0000000771a00000)
 ParOldGen       total 118784K, used 7344K [0x00000006c2400000, 0x00000006c9800000, 0x000000076b700000)
  object space 118784K, 6% used [0x00000006c2400000,0x00000006c2b2c2c0,0x00000006c9800000)
 Metaspace       used 22969K, capacity 24380K, committed 24704K, reserved 1071104K
  class space    used 3317K, capacity 3591K, committed 3712K, reserved 1048576K
}
Event: 12.807 GC heap before
{Heap before GC invocations=5 (full 1):
 PSYoungGen      total 75776K, used 71948K [0x000000076b700000, 0x0000000771a00000, 0x00000007c0000000)
  eden space 65024K, 100% used [0x000000076b700000,0x000000076f680000,0x000000076f680000)
  from space 10752K, 64% used [0x000000076f680000,0x000000076fd43150,0x0000000770100000)
  to   space 10752K, 0% used [0x0000000770f80000,0x0000000770f80000,0x0000000771a00000)
 ParOldGen       total 118784K, used 7344K [0x00000006c2400000, 0x00000006c9800000, 0x000000076b700000)
  object space 118784K, 6% used [0x00000006c2400000,0x00000006c2b2c2c0,0x00000006c9800000)
 Metaspace       used 23031K, capacity 24444K, committed 24704K, reserved 1071104K
  class space    used 3322K, capacity 3591K, committed 3712K, reserved 1048576K
Event: 12.811 GC heap after
Heap after GC invocations=5 (full 1):
 PSYoungGen      total 90624K, used 7441K [0x000000076b700000, 0x0000000772780000, 0x00000007c0000000)
  eden space 79872K, 0% used [0x000000076b700000,0x000000076b700000,0x0000000770500000)
  from space 10752K, 69% used [0x0000000770f80000,0x00000007716c4750,0x0000000771a00000)
  to   space 10752K, 0% used [0x0000000770500000,0x0000000770500000,0x0000000770f80000)
 ParOldGen       total 118784K, used 7352K [0x00000006c2400000, 0x00000006c9800000, 0x000000076b700000)
  object space 118784K, 6% used [0x00000006c2400000,0x00000006c2b2e2c0,0x00000006c9800000)
 Metaspace       used 23031K, capacity 24444K, committed 24704K, reserved 1071104K
  class space    used 3322K, capacity 3591K, committed 3712K, reserved 1048576K
}
Event: 12.842 GC heap before
{Heap before GC invocations=6 (full 1):
 PSYoungGen      total 90624K, used 87313K [0x000000076b700000, 0x0000000772780000, 0x00000007c0000000)
  eden space 79872K, 100% used [0x000000076b700000,0x0000000770500000,0x0000000770500000)
  from space 10752K, 69% used [0x0000000770f80000,0x00000007716c4750,0x0000000771a00000)
  to   space 10752K, 0% used [0x0000000770500000,0x0000000770500000,0x0000000770f80000)
 ParOldGen       total 118784K, used 7352K [0x00000006c2400000, 0x00000006c9800000, 0x000000076b700000)
  object space 118784K, 6% used [0x00000006c2400000,0x00000006c2b2e2c0,0x00000006c9800000)
 Metaspace       used 23042K, capacity 24444K, committed 24704K, reserved 1071104K
  class space    used 3322K, capacity 3591K, committed 3712K, reserved 1048576K
Event: 12.846 GC heap after
Heap after GC invocations=6 (full 1):
 PSYoungGen      total 90624K, used 7409K [0x000000076b700000, 0x0000000774900000, 0x00000007c0000000)
  eden space 79872K, 0% used [0x000000076b700000,0x000000076b700000,0x0000000770500000)
  from space 10752K, 68% used [0x0000000770500000,0x0000000770c3c750,0x0000000770f80000)
  to   space 8704K, 0% used [0x0000000774080000,0x0000000774080000,0x0000000774900000)
 ParOldGen       total 118784K, used 7360K [0x00000006c2400000, 0x00000006c9800000, 0x000000076b700000)
  object space 118784K, 6% used [0x00000006c2400000,0x00000006c2b302c0,0x00000006c9800000)
 Metaspace       used 23042K, capacity 24444K, committed 24704K, reserved 1071104K
  class space    used 3322K, capacity 3591K, committed 3712K, reserved 1048576K
}
Event: 12.876 GC heap before
{Heap before GC invocations=7 (full 1):
 PSYoungGen      total 90624K, used 87281K [0x000000076b700000, 0x0000000774900000, 0x00000007c0000000)
  eden space 79872K, 100% used [0x000000076b700000,0x0000000770500000,0x0000000770500000)
  from space 10752K, 68% used [0x0000000770500000,0x0000000770c3c750,0x0000000770f80000)
  to   space 8704K, 0% used [0x0000000774080000,0x0000000774080000,0x0000000774900000)
 ParOldGen       total 118784K, used 7360K [0x00000006c2400000, 0x00000006c9800000, 0x000000076b700000)
  object space 118784K, 6% used [0x00000006c2400000,0x00000006c2b302c0,0x00000006c9800000)
 Metaspace       used 23049K, capacity 24450K, committed 24704K, reserved 1071104K
  class space    used 3323K, capacity 3592K, committed 3712K, reserved 1048576K
Event: 12.880 GC heap after
Heap after GC invocations=7 (full 1):
 PSYoungGen      total 139776K, used 8689K [0x000000076b700000, 0x0000000775000000, 0x00000007c0000000)
  eden space 131072K, 0% used [0x000000076b700000,0x000000076b700000,0x0000000773700000)
  from space 8704K, 99% used [0x0000000774080000,0x00000007748fc760,0x0000000774900000)
  to   space 9728K, 0% used [0x0000000773700000,0x0000000773700000,0x0000000774080000)
 ParOldGen       total 118784K, used 8104K [0x00000006c2400000, 0x00000006c9800000, 0x000000076b700000)
  object space 118784K, 6% used [0x00000006c2400000,0x00000006c2bea2c0,0x00000006c9800000)
 Metaspace       used 23049K, capacity 24450K, committed 24704K, reserved 1071104K
  class space    used 3323K, capacity 3592K, committed 3712K, reserved 1048576K
}
Event: 12.933 GC heap before
{Heap before GC invocations=8 (full 1):
 PSYoungGen      total 139776K, used 139761K [0x000000076b700000, 0x0000000775000000, 0x00000007c0000000)
  eden space 131072K, 100% used [0x000000076b700000,0x0000000773700000,0x0000000773700000)
  from space 8704K, 99% used [0x0000000774080000,0x00000007748fc760,0x0000000774900000)
  to   space 9728K, 0% used [0x0000000773700000,0x0000000773700000,0x0000000774080000)
 ParOldGen       total 118784K, used 8104K [0x00000006c2400000, 0x00000006c9800000, 0x000000076b700000)
  object space 118784K, 6% used [0x00000006c2400000,0x00000006c2bea2c0,0x00000006c9800000)
 Metaspace       used 23053K, capacity 24450K, committed 24704K, reserved 1071104K
  class space    used 3323K, capacity 3592K, committed 3712K, reserved 1048576K
Event: 12.937 GC heap after
Heap after GC invocations=8 (full 1):
 PSYoungGen      total 140800K, used 7526K [0x000000076b700000, 0x000000077a680000, 0x00000007c0000000)
  eden space 131072K, 0% used [0x000000076b700000,0x000000076b700000,0x0000000773700000)
  from space 9728K, 77% used [0x0000000773700000,0x0000000773e59a70,0x0000000774080000)
  to   space 9728K, 0% used [0x0000000779d00000,0x0000000779d00000,0x000000077a680000)
 ParOldGen       total 118784K, used 8104K [0x00000006c2400000, 0x00000006c9800000, 0x000000076b700000)
  object space 118784K, 6% used [0x00000006c2400000,0x00000006c2bea2c0,0x00000006c9800000)
 Metaspace       used 23053K, capacity 24450K, committed 24704K, reserved 1071104K
  class space    used 3323K, capacity 3592K, committed 3712K, reserved 1048576K
}

